
*** Running vivado
    with args -log fifo_64x512.vds -m64 -product Vivado -mode batch -messageDb vivado.pb -notrace -source fifo_64x512.tcl


****** Vivado v2016.3 (64-bit)
  **** SW Build 1682563 on Mon Oct 10 19:07:27 MDT 2016
  **** IP Build 1681267 on Mon Oct 10 21:28:31 MDT 2016
    ** Copyright 1986-2016 Xilinx, Inc. All Rights Reserved.

source fifo_64x512.tcl -notrace
Starting RTL Elaboration : Time (s): cpu = 00:00:09 ; elapsed = 00:00:10 . Memory (MB): peak = 296.383 ; gain = 86.500
INFO: [Synth 8-638] synthesizing module 'fifo_64x512' [c:/cygwin64/home/saute/yarr_sim/project_sim/project_sim.srcs/sources_1/ip/fifo_64x512/synth/fifo_64x512.vhd:77]
INFO: [Synth 8-256] done synthesizing module 'fifo_64x512' (29#1) [c:/cygwin64/home/saute/yarr_sim/project_sim/project_sim.srcs/sources_1/ip/fifo_64x512/synth/fifo_64x512.vhd:77]
Finished RTL Elaboration : Time (s): cpu = 00:00:53 ; elapsed = 00:00:55 . Memory (MB): peak = 508.859 ; gain = 298.977
Finished RTL Optimization Phase 1 : Time (s): cpu = 00:00:53 ; elapsed = 00:00:55 . Memory (MB): peak = 508.859 ; gain = 298.977
INFO: [Device 21-403] Loading part xc7k160tfbg676-2
Constraint Validation Runtime : Time (s): cpu = 00:00:00 ; elapsed = 00:00:00.024 . Memory (MB): peak = 607.129 ; gain = 0.004
Finished Constraint Validation : Time (s): cpu = 00:01:03 ; elapsed = 00:01:06 . Memory (MB): peak = 607.129 ; gain = 397.246
Finished Loading Part and Timing Information : Time (s): cpu = 00:01:03 ; elapsed = 00:01:06 . Memory (MB): peak = 607.129 ; gain = 397.246
Finished applying 'set_property' XDC Constraints : Time (s): cpu = 00:01:03 ; elapsed = 00:01:06 . Memory (MB): peak = 607.129 ; gain = 397.246
Finished RTL Optimization Phase 2 : Time (s): cpu = 00:01:04 ; elapsed = 00:01:07 . Memory (MB): peak = 607.129 ; gain = 397.246
Finished Cross Boundary and Area Optimization : Time (s): cpu = 00:01:05 ; elapsed = 00:01:08 . Memory (MB): peak = 607.129 ; gain = 397.246
Finished Applying XDC Timing Constraints : Time (s): cpu = 00:01:15 ; elapsed = 00:01:18 . Memory (MB): peak = 610.988 ; gain = 401.105
Finished Timing Optimization : Time (s): cpu = 00:01:15 ; elapsed = 00:01:18 . Memory (MB): peak = 611.980 ; gain = 402.098
Finished Technology Mapping : Time (s): cpu = 00:01:15 ; elapsed = 00:01:18 . Memory (MB): peak = 631.375 ; gain = 421.492
Finished IO Insertion : Time (s): cpu = 00:01:16 ; elapsed = 00:01:19 . Memory (MB): peak = 631.375 ; gain = 421.492
Finished Renaming Generated Instances : Time (s): cpu = 00:01:16 ; elapsed = 00:01:19 . Memory (MB): peak = 631.375 ; gain = 421.492
Finished Rebuilding User Hierarchy : Time (s): cpu = 00:01:16 ; elapsed = 00:01:19 . Memory (MB): peak = 631.375 ; gain = 421.492
Finished Renaming Generated Ports : Time (s): cpu = 00:01:16 ; elapsed = 00:01:19 . Memory (MB): peak = 631.375 ; gain = 421.492
Finished Handling Custom Attributes : Time (s): cpu = 00:01:16 ; elapsed = 00:01:19 . Memory (MB): peak = 631.375 ; gain = 421.492
Finished Renaming Generated Nets : Time (s): cpu = 00:01:16 ; elapsed = 00:01:19 . Memory (MB): peak = 631.375 ; gain = 421.492

Report Cell Usage: 
+------+---------+------+
|      |Cell     |Count |
+------+---------+------+
|1     |CARRY4   |     7|
|2     |LUT1     |     2|
|3     |LUT2     |    43|
|4     |LUT3     |    12|
|5     |LUT4     |    38|
|6     |LUT5     |    22|
|7     |LUT6     |    15|
|8     |MUXCY    |    20|
|9     |RAMB36E1 |     2|
|10    |FDCE     |   151|
|11    |FDPE     |    24|
|12    |FDRE     |    68|
+------+---------+------+
Finished Writing Synthesis Report : Time (s): cpu = 00:01:16 ; elapsed = 00:01:19 . Memory (MB): peak = 631.375 ; gain = 421.492
synth_design: Time (s): cpu = 00:01:19 ; elapsed = 00:01:20 . Memory (MB): peak = 1064.254 ; gain = 848.914
