INFO: [VRFC 10-2263] Analyzing Verilog file "C:/cygwin64/home/saute/yarr_sim/project_sim/project_sim.srcs/sources_1/ip/fifo_generator_0/sim/fifo_generator_0.v" into library xil_defaultlib
INFO: [VRFC 10-311] analyzing module fifo_generator_0
INFO: [VRFC 10-2263] Analyzing Verilog file "C:/cygwin64/home/saute/yarr_sim/project_sim/project_sim.sim/sim_1/behav/glbl.v" into library xil_defaultlib
INFO: [VRFC 10-311] analyzing module glbl
INFO: [VRFC 10-163] Analyzing VHDL file "C:/cygwin64/home/saute/yarr_sim/common/bcf_bram_wbs.vhd" into library xil_defaultlib
INFO: [VRFC 10-307] analyzing entity bram_wbs
INFO: [VRFC 10-163] Analyzing VHDL file "C:/cygwin64/home/saute/yarr_sim/wb_master64/wb_master64.vhd" into library xil_defaultlib
INFO: [VRFC 10-307] analyzing entity wb_master64
INFO: [VRFC 10-163] Analyzing VHDL file "C:/cygwin64/home/saute/yarr_sim/wb_master64/wb_master64_bench.vhd" into library xil_defaultlib
INFO: [VRFC 10-307] analyzing entity wb_master64_bench
INFO: [VRFC 10-163] Analyzing VHDL file "C:/cygwin64/home/saute/yarr_sim/common/gn4124_core_pkg.vhd" into library xil_defaultlib
INFO: [VRFC 10-163] Analyzing VHDL file "C:/cygwin64/home/saute/yarr_sim/l2p_dma/l2p_fifo.vhd" into library xil_defaultlib
INFO: [VRFC 10-307] analyzing entity l2p_fifo
INFO: [VRFC 10-163] Analyzing VHDL file "C:/cygwin64/home/saute/yarr_sim/common/common_pkg.vhd" into library xil_defaultlib
INFO: [VRFC 10-163] Analyzing VHDL file "C:/cygwin64/home/saute/yarr_sim/l2p_dma/l2p_dma_master.vhd" into library xil_defaultlib
INFO: [VRFC 10-307] analyzing entity l2p_dma_master
INFO: [VRFC 10-163] Analyzing VHDL file "C:/cygwin64/home/saute/yarr_sim/wb_master/axis_rx.vhd" into library xil_defaultlib
INFO: [VRFC 10-307] analyzing entity axis_rx
INFO: [VRFC 10-163] Analyzing VHDL file "C:/cygwin64/home/saute/yarr_sim/wb_master/top_bench.vhd" into library xil_defaultlib
INFO: [VRFC 10-307] analyzing entity top_bench
INFO: [VRFC 10-163] Analyzing VHDL file "C:/cygwin64/home/saute/yarr_sim/l2p_dma/l2p_dma_bench.vhd" into library xil_defaultlib
INFO: [VRFC 10-307] analyzing entity l2p_dma_bench
INFO: [VRFC 10-163] Analyzing VHDL file "C:/cygwin64/home/saute/yarr_sim/l2p_arbiter/l2p_arbiter.vhd" into library xil_defaultlib
INFO: [VRFC 10-307] analyzing entity l2p_arbiter
