Vivado Simulator 2016.4
Copyright 1986-1999, 2001-2016 Xilinx, Inc. All Rights Reserved.
Running: C:/Xilinx/Vivado/2016.4/bin/unwrapped/win64.o/xelab.exe -wto 065b24f1651e4cfdbcb9bd0f289efcec --debug typical --relax --mt 2 -L fifo_generator_v13_1_3 -L xil_defaultlib -L blk_mem_gen_v8_3_5 -L dist_mem_gen_v8_0_11 -L unisims_ver -L unimacro_ver -L secureip -L xpm --snapshot p2l_decoder_bench_behav xil_defaultlib.p2l_decoder_bench xil_defaultlib.glbl -log elaborate.log 
Using 2 slave threads.
Starting static elaboration
Completed static elaboration
Starting simulation data flow analysis
Completed simulation data flow analysis
Time Resolution for simulation is 1ps
Compiling package std.standard
Compiling package std.textio
Compiling package ieee.std_logic_1164
Compiling package ieee.numeric_std
Compiling package ieee.std_logic_arith
Compiling package ieee.std_logic_unsigned
Compiling package xil_defaultlib.gn4124_core_pkg
Compiling module xil_defaultlib.glbl
Compiling architecture behavioral of entity xil_defaultlib.p2l_decoder [p2l_decoder_default]
Compiling architecture behavioral of entity xil_defaultlib.p2l_decoder_bench
Built simulation snapshot p2l_decoder_bench_behav
