
*** Running vivado
    with args -log fifo_32x512.vds -m64 -product Vivado -mode batch -messageDb vivado.pb -notrace -source fifo_32x512.tcl


****** Vivado v2016.3 (64-bit)
  **** SW Build 1682563 on Mon Oct 10 19:07:27 MDT 2016
  **** IP Build 1681267 on Mon Oct 10 21:28:31 MDT 2016
    ** Copyright 1986-2016 Xilinx, Inc. All Rights Reserved.

source fifo_32x512.tcl -notrace
Starting RTL Elaboration : Time (s): cpu = 00:00:08 ; elapsed = 00:00:09 . Memory (MB): peak = 296.188 ; gain = 86.109
INFO: [Synth 8-638] synthesizing module 'fifo_32x512' [c:/cygwin64/home/saute/yarr_sim/project_sim/project_sim.srcs/sources_1/ip/fifo_32x512/synth/fifo_32x512.vhd:77]
INFO: [Synth 8-256] done synthesizing module 'fifo_32x512' (29#1) [c:/cygwin64/home/saute/yarr_sim/project_sim/project_sim.srcs/sources_1/ip/fifo_32x512/synth/fifo_32x512.vhd:77]
Finished RTL Elaboration : Time (s): cpu = 00:00:52 ; elapsed = 00:00:54 . Memory (MB): peak = 508.598 ; gain = 298.520
Finished RTL Optimization Phase 1 : Time (s): cpu = 00:00:52 ; elapsed = 00:00:55 . Memory (MB): peak = 508.598 ; gain = 298.520
INFO: [Device 21-403] Loading part xc7k160tfbg676-2
Constraint Validation Runtime : Time (s): cpu = 00:00:00 ; elapsed = 00:00:00.019 . Memory (MB): peak = 611.461 ; gain = 0.000
Finished Constraint Validation : Time (s): cpu = 00:01:02 ; elapsed = 00:01:05 . Memory (MB): peak = 611.461 ; gain = 401.383
Finished Loading Part and Timing Information : Time (s): cpu = 00:01:02 ; elapsed = 00:01:05 . Memory (MB): peak = 611.461 ; gain = 401.383
Finished applying 'set_property' XDC Constraints : Time (s): cpu = 00:01:02 ; elapsed = 00:01:05 . Memory (MB): peak = 611.461 ; gain = 401.383
Finished RTL Optimization Phase 2 : Time (s): cpu = 00:01:03 ; elapsed = 00:01:06 . Memory (MB): peak = 611.461 ; gain = 401.383
Finished Cross Boundary and Area Optimization : Time (s): cpu = 00:01:04 ; elapsed = 00:01:07 . Memory (MB): peak = 611.461 ; gain = 401.383
Finished Applying XDC Timing Constraints : Time (s): cpu = 00:01:14 ; elapsed = 00:01:18 . Memory (MB): peak = 611.461 ; gain = 401.383
Finished Timing Optimization : Time (s): cpu = 00:01:14 ; elapsed = 00:01:18 . Memory (MB): peak = 611.461 ; gain = 401.383
Finished Technology Mapping : Time (s): cpu = 00:01:14 ; elapsed = 00:01:18 . Memory (MB): peak = 631.074 ; gain = 420.996
Finished IO Insertion : Time (s): cpu = 00:01:15 ; elapsed = 00:01:18 . Memory (MB): peak = 631.074 ; gain = 420.996
Finished Renaming Generated Instances : Time (s): cpu = 00:01:15 ; elapsed = 00:01:18 . Memory (MB): peak = 631.074 ; gain = 420.996
Finished Rebuilding User Hierarchy : Time (s): cpu = 00:01:15 ; elapsed = 00:01:18 . Memory (MB): peak = 631.074 ; gain = 420.996
Finished Renaming Generated Ports : Time (s): cpu = 00:01:15 ; elapsed = 00:01:18 . Memory (MB): peak = 631.074 ; gain = 420.996
Finished Handling Custom Attributes : Time (s): cpu = 00:01:15 ; elapsed = 00:01:18 . Memory (MB): peak = 631.074 ; gain = 420.996
Finished Renaming Generated Nets : Time (s): cpu = 00:01:15 ; elapsed = 00:01:18 . Memory (MB): peak = 631.074 ; gain = 420.996

Report Cell Usage: 
+------+---------+------+
|      |Cell     |Count |
+------+---------+------+
|1     |CARRY4   |     7|
|2     |LUT1     |     2|
|3     |LUT2     |    43|
|4     |LUT3     |    12|
|5     |LUT4     |    38|
|6     |LUT5     |    22|
|7     |LUT6     |    15|
|8     |MUXCY    |    20|
|9     |RAMB36E1 |     1|
|10    |FDCE     |   151|
|11    |FDPE     |    24|
|12    |FDRE     |    36|
+------+---------+------+
Finished Writing Synthesis Report : Time (s): cpu = 00:01:15 ; elapsed = 00:01:18 . Memory (MB): peak = 631.074 ; gain = 420.996
synth_design: Time (s): cpu = 00:01:18 ; elapsed = 00:01:20 . Memory (MB): peak = 1062.746 ; gain = 848.059
