INFO: [VRFC 10-2263] Analyzing SystemVerilog file "/opt/Xilinx/Vivado/2016.2/data/ip/xpm/xpm_cdc/hdl/xpm_cdc.sv" into library xil_defaultlib
INFO: [VRFC 10-311] analyzing module xpm_cdc_single
INFO: [VRFC 10-311] analyzing module xpm_cdc_gray
INFO: [VRFC 10-311] analyzing module xpm_cdc_handshake
INFO: [VRFC 10-311] analyzing module xpm_cdc_pulse
INFO: [VRFC 10-311] analyzing module xpm_cdc_array_single
INFO: [VRFC 10-311] analyzing module xpm_cdc_sync_rst
INFO: [VRFC 10-311] analyzing module xpm_cdc_async_rst
INFO: [VRFC 10-2263] Analyzing SystemVerilog file "/opt/Xilinx/Vivado/2016.2/data/ip/xpm/xpm_memory/hdl/xpm_memory_base.sv" into library xil_defaultlib
INFO: [VRFC 10-311] analyzing module xpm_memory_base
INFO: [VRFC 10-2263] Analyzing SystemVerilog file "/opt/Xilinx/Vivado/2016.2/data/ip/xpm/xpm_memory/hdl/xpm_memory_dpdistram.sv" into library xil_defaultlib
INFO: [VRFC 10-311] analyzing module xpm_memory_dpdistram
INFO: [VRFC 10-2263] Analyzing SystemVerilog file "/opt/Xilinx/Vivado/2016.2/data/ip/xpm/xpm_memory/hdl/xpm_memory_dprom.sv" into library xil_defaultlib
INFO: [VRFC 10-311] analyzing module xpm_memory_dprom
INFO: [VRFC 10-2263] Analyzing SystemVerilog file "/opt/Xilinx/Vivado/2016.2/data/ip/xpm/xpm_memory/hdl/xpm_memory_sdpram.sv" into library xil_defaultlib
INFO: [VRFC 10-311] analyzing module xpm_memory_sdpram
INFO: [VRFC 10-2263] Analyzing SystemVerilog file "/opt/Xilinx/Vivado/2016.2/data/ip/xpm/xpm_memory/hdl/xpm_memory_spram.sv" into library xil_defaultlib
INFO: [VRFC 10-311] analyzing module xpm_memory_spram
INFO: [VRFC 10-2263] Analyzing SystemVerilog file "/opt/Xilinx/Vivado/2016.2/data/ip/xpm/xpm_memory/hdl/xpm_memory_sprom.sv" into library xil_defaultlib
INFO: [VRFC 10-311] analyzing module xpm_memory_sprom
INFO: [VRFC 10-2263] Analyzing SystemVerilog file "/opt/Xilinx/Vivado/2016.2/data/ip/xpm/xpm_memory/hdl/xpm_memory_tdpram.sv" into library xil_defaultlib
INFO: [VRFC 10-311] analyzing module xpm_memory_tdpram
INFO: [VRFC 10-2263] Analyzing Verilog file "/home/asautaux/yarr_sim/project_sim/project_sim2.ip_user_files/ipstatic/fifo_generator_v13_1_1/simulation/fifo_generator_vlog_beh.v" into library fifo_generator_v13_1_1
INFO: [VRFC 10-311] analyzing module fifo_generator_vlog_beh
INFO: [VRFC 10-2458] undeclared symbol wr_eop_ad, assumed default net type wire [/home/asautaux/yarr_sim/project_sim/project_sim2.ip_user_files/ipstatic/fifo_generator_v13_1_1/simulation/fifo_generator_vlog_beh.v:1321]
INFO: [VRFC 10-2458] undeclared symbol rd_eop_ad, assumed default net type wire [/home/asautaux/yarr_sim/project_sim/project_sim2.ip_user_files/ipstatic/fifo_generator_v13_1_1/simulation/fifo_generator_vlog_beh.v:1322]
INFO: [VRFC 10-2458] undeclared symbol wr_rst_busy_axis, assumed default net type wire [/home/asautaux/yarr_sim/project_sim/project_sim2.ip_user_files/ipstatic/fifo_generator_v13_1_1/simulation/fifo_generator_vlog_beh.v:1561]
INFO: [VRFC 10-2458] undeclared symbol rd_rst_busy_axis, assumed default net type wire [/home/asautaux/yarr_sim/project_sim/project_sim2.ip_user_files/ipstatic/fifo_generator_v13_1_1/simulation/fifo_generator_vlog_beh.v:1562]
INFO: [VRFC 10-2458] undeclared symbol wr_rst_busy_wach, assumed default net type wire [/home/asautaux/yarr_sim/project_sim/project_sim2.ip_user_files/ipstatic/fifo_generator_v13_1_1/simulation/fifo_generator_vlog_beh.v:2087]
INFO: [VRFC 10-2458] undeclared symbol rd_rst_busy_wach, assumed default net type wire [/home/asautaux/yarr_sim/project_sim/project_sim2.ip_user_files/ipstatic/fifo_generator_v13_1_1/simulation/fifo_generator_vlog_beh.v:2088]
INFO: [VRFC 10-2458] undeclared symbol wr_rst_busy_wdch, assumed default net type wire [/home/asautaux/yarr_sim/project_sim/project_sim2.ip_user_files/ipstatic/fifo_generator_v13_1_1/simulation/fifo_generator_vlog_beh.v:2307]
INFO: [VRFC 10-2458] undeclared symbol rd_rst_busy_wdch, assumed default net type wire [/home/asautaux/yarr_sim/project_sim/project_sim2.ip_user_files/ipstatic/fifo_generator_v13_1_1/simulation/fifo_generator_vlog_beh.v:2308]
INFO: [VRFC 10-2458] undeclared symbol wr_rst_busy_wrch, assumed default net type wire [/home/asautaux/yarr_sim/project_sim/project_sim2.ip_user_files/ipstatic/fifo_generator_v13_1_1/simulation/fifo_generator_vlog_beh.v:2474]
INFO: [VRFC 10-2458] undeclared symbol rd_rst_busy_wrch, assumed default net type wire [/home/asautaux/yarr_sim/project_sim/project_sim2.ip_user_files/ipstatic/fifo_generator_v13_1_1/simulation/fifo_generator_vlog_beh.v:2475]
INFO: [VRFC 10-2458] undeclared symbol wr_rst_busy_rach, assumed default net type wire [/home/asautaux/yarr_sim/project_sim/project_sim2.ip_user_files/ipstatic/fifo_generator_v13_1_1/simulation/fifo_generator_vlog_beh.v:2854]
INFO: [VRFC 10-2458] undeclared symbol rd_rst_busy_rach, assumed default net type wire [/home/asautaux/yarr_sim/project_sim/project_sim2.ip_user_files/ipstatic/fifo_generator_v13_1_1/simulation/fifo_generator_vlog_beh.v:2855]
INFO: [VRFC 10-2458] undeclared symbol wr_rst_busy_rdch, assumed default net type wire [/home/asautaux/yarr_sim/project_sim/project_sim2.ip_user_files/ipstatic/fifo_generator_v13_1_1/simulation/fifo_generator_vlog_beh.v:3087]
INFO: [VRFC 10-2458] undeclared symbol rd_rst_busy_rdch, assumed default net type wire [/home/asautaux/yarr_sim/project_sim/project_sim2.ip_user_files/ipstatic/fifo_generator_v13_1_1/simulation/fifo_generator_vlog_beh.v:3088]
INFO: [VRFC 10-311] analyzing module fifo_generator_v13_1_1_CONV_VER
INFO: [VRFC 10-311] analyzing module fifo_generator_v13_1_1_sync_stage
INFO: [VRFC 10-311] analyzing module fifo_generator_v13_1_1_bhv_ver_as
INFO: [VRFC 10-311] analyzing module fifo_generator_v13_1_1_beh_ver_ll_afifo
INFO: [VRFC 10-311] analyzing module fifo_generator_v13_1_1_bhv_ver_ss
INFO: [VRFC 10-2458] undeclared symbol srst_wrst_busy, assumed default net type wire [/home/asautaux/yarr_sim/project_sim/project_sim2.ip_user_files/ipstatic/fifo_generator_v13_1_1/simulation/fifo_generator_vlog_beh.v:7752]
INFO: [VRFC 10-311] analyzing module fifo_generator_v13_1_1_bhv_ver_preload0
INFO: [VRFC 10-311] analyzing module fifo_generator_v13_1_1_axic_reg_slice
INFO: [VRFC 10-2263] Analyzing Verilog file "/home/asautaux/yarr_sim/project_sim/project_sim2.ip_user_files/ipstatic/fifo_generator_v13_1_1/hdl/fifo_generator_v13_1_rfs.v" into library fifo_generator_v13_1_1
INFO: [VRFC 10-311] analyzing module fifo_generator_v13_1_1
INFO: [VRFC 10-2458] undeclared symbol sleep_i, assumed default net type wire [/home/asautaux/yarr_sim/project_sim/project_sim2.ip_user_files/ipstatic/fifo_generator_v13_1_1/hdl/fifo_generator_v13_1_rfs.v:519]
INFO: [VRFC 10-2263] Analyzing Verilog file "/home/asautaux/Yarr-fw/ip-cores/kintex7/fifo_27x16/sim/fifo_27x16.v" into library xil_defaultlib
INFO: [VRFC 10-311] analyzing module fifo_27x16
INFO: [VRFC 10-2263] Analyzing Verilog file "/home/asautaux/yarr_sim/project_sim/project_sim2.ip_user_files/ip/clk_wiz_0/clk_wiz_0_clk_wiz.v" into library xil_defaultlib
INFO: [VRFC 10-311] analyzing module clk_wiz_0_clk_wiz
INFO: [VRFC 10-2263] Analyzing Verilog file "/home/asautaux/yarr_sim/project_sim/project_sim2.ip_user_files/ip/clk_wiz_0/clk_wiz_0.v" into library xil_defaultlib
INFO: [VRFC 10-311] analyzing module clk_wiz_0
INFO: [VRFC 10-2263] Analyzing Verilog file "/home/asautaux/Yarr-fw/ip-cores/kintex7/fifo_256x16/sim/fifo_256x16.v" into library xil_defaultlib
INFO: [VRFC 10-311] analyzing module fifo_256x16
INFO: [VRFC 10-2263] Analyzing Verilog file "/home/asautaux/Yarr-fw/ip-cores/kintex7/fifo_315x16/sim/fifo_315x16.v" into library xil_defaultlib
INFO: [VRFC 10-311] analyzing module fifo_315x16
INFO: [VRFC 10-2263] Analyzing Verilog file "/home/asautaux/Yarr-fw/ip-cores/kintex7/fifo_4x16/sim/fifo_4x16.v" into library xil_defaultlib
INFO: [VRFC 10-311] analyzing module fifo_4x16
INFO: [VRFC 10-2263] Analyzing Verilog file "/home/asautaux/Yarr-fw/ip-cores/kintex7/fifo_32x512/sim/fifo_32x512.v" into library xil_defaultlib
INFO: [VRFC 10-311] analyzing module fifo_32x512
INFO: [VRFC 10-2263] Analyzing Verilog file "/home/asautaux/Yarr-fw/ip-cores/kintex7/mig_7series_0/mig_7series_0/user_design/rtl/clocking/mig_7series_v4_0_clk_ibuf.v" into library xil_defaultlib
INFO: [VRFC 10-311] analyzing module mig_7series_v4_0_clk_ibuf
INFO: [VRFC 10-2263] Analyzing Verilog file "/home/asautaux/Yarr-fw/ip-cores/kintex7/mig_7series_0/mig_7series_0/user_design/rtl/clocking/mig_7series_v4_0_infrastructure.v" into library xil_defaultlib
INFO: [VRFC 10-311] analyzing module mig_7series_v4_0_infrastructure
INFO: [VRFC 10-2458] undeclared symbol pll_clkfbout, assumed default net type wire [/home/asautaux/Yarr-fw/ip-cores/kintex7/mig_7series_0/mig_7series_0/user_design/rtl/clocking/mig_7series_v4_0_infrastructure.v:308]
INFO: [VRFC 10-2458] undeclared symbol clk_pll_i, assumed default net type wire [/home/asautaux/Yarr-fw/ip-cores/kintex7/mig_7series_0/mig_7series_0/user_design/rtl/clocking/mig_7series_v4_0_infrastructure.v:342]
INFO: [VRFC 10-2263] Analyzing Verilog file "/home/asautaux/Yarr-fw/ip-cores/kintex7/mig_7series_0/mig_7series_0/user_design/rtl/clocking/mig_7series_v4_0_iodelay_ctrl.v" into library xil_defaultlib
INFO: [VRFC 10-311] analyzing module mig_7series_v4_0_iodelay_ctrl
INFO: [VRFC 10-2263] Analyzing Verilog file "/home/asautaux/Yarr-fw/ip-cores/kintex7/mig_7series_0/mig_7series_0/user_design/rtl/clocking/mig_7series_v4_0_tempmon.v" into library xil_defaultlib
INFO: [VRFC 10-311] analyzing module mig_7series_v4_0_tempmon
INFO: [VRFC 10-2263] Analyzing Verilog file "/home/asautaux/Yarr-fw/ip-cores/kintex7/mig_7series_0/mig_7series_0/user_design/rtl/controller/mig_7series_v4_0_arb_mux.v" into library xil_defaultlib
INFO: [VRFC 10-311] analyzing module mig_7series_v4_0_arb_mux
INFO: [VRFC 10-2263] Analyzing Verilog file "/home/asautaux/Yarr-fw/ip-cores/kintex7/mig_7series_0/mig_7series_0/user_design/rtl/controller/mig_7series_v4_0_arb_row_col.v" into library xil_defaultlib
INFO: [VRFC 10-311] analyzing module mig_7series_v4_0_arb_row_col
INFO: [VRFC 10-2263] Analyzing Verilog file "/home/asautaux/Yarr-fw/ip-cores/kintex7/mig_7series_0/mig_7series_0/user_design/rtl/controller/mig_7series_v4_0_arb_select.v" into library xil_defaultlib
INFO: [VRFC 10-311] analyzing module mig_7series_v4_0_arb_select
INFO: [VRFC 10-2263] Analyzing Verilog file "/home/asautaux/Yarr-fw/ip-cores/kintex7/mig_7series_0/mig_7series_0/user_design/rtl/controller/mig_7series_v4_0_bank_cntrl.v" into library xil_defaultlib
INFO: [VRFC 10-311] analyzing module mig_7series_v4_0_bank_cntrl
INFO: [VRFC 10-2263] Analyzing Verilog file "/home/asautaux/Yarr-fw/ip-cores/kintex7/mig_7series_0/mig_7series_0/user_design/rtl/controller/mig_7series_v4_0_bank_common.v" into library xil_defaultlib
INFO: [VRFC 10-311] analyzing module mig_7series_v4_0_bank_common
INFO: [VRFC 10-2263] Analyzing Verilog file "/home/asautaux/Yarr-fw/ip-cores/kintex7/mig_7series_0/mig_7series_0/user_design/rtl/controller/mig_7series_v4_0_bank_compare.v" into library xil_defaultlib
INFO: [VRFC 10-311] analyzing module mig_7series_v4_0_bank_compare
INFO: [VRFC 10-2263] Analyzing Verilog file "/home/asautaux/Yarr-fw/ip-cores/kintex7/mig_7series_0/mig_7series_0/user_design/rtl/controller/mig_7series_v4_0_bank_mach.v" into library xil_defaultlib
INFO: [VRFC 10-311] analyzing module mig_7series_v4_0_bank_mach
INFO: [VRFC 10-2263] Analyzing Verilog file "/home/asautaux/Yarr-fw/ip-cores/kintex7/mig_7series_0/mig_7series_0/user_design/rtl/controller/mig_7series_v4_0_bank_queue.v" into library xil_defaultlib
INFO: [VRFC 10-311] analyzing module mig_7series_v4_0_bank_queue
INFO: [VRFC 10-2263] Analyzing Verilog file "/home/asautaux/Yarr-fw/ip-cores/kintex7/mig_7series_0/mig_7series_0/user_design/rtl/controller/mig_7series_v4_0_bank_state.v" into library xil_defaultlib
INFO: [VRFC 10-311] analyzing module mig_7series_v4_0_bank_state
INFO: [VRFC 10-2263] Analyzing Verilog file "/home/asautaux/Yarr-fw/ip-cores/kintex7/mig_7series_0/mig_7series_0/user_design/rtl/controller/mig_7series_v4_0_col_mach.v" into library xil_defaultlib
INFO: [VRFC 10-311] analyzing module mig_7series_v4_0_col_mach
INFO: [VRFC 10-2263] Analyzing Verilog file "/home/asautaux/Yarr-fw/ip-cores/kintex7/mig_7series_0/mig_7series_0/user_design/rtl/controller/mig_7series_v4_0_mc.v" into library xil_defaultlib
INFO: [VRFC 10-311] analyzing module mig_7series_v4_0_mc
INFO: [VRFC 10-2263] Analyzing Verilog file "/home/asautaux/Yarr-fw/ip-cores/kintex7/mig_7series_0/mig_7series_0/user_design/rtl/controller/mig_7series_v4_0_rank_cntrl.v" into library xil_defaultlib
INFO: [VRFC 10-311] analyzing module mig_7series_v4_0_rank_cntrl
INFO: [VRFC 10-2263] Analyzing Verilog file "/home/asautaux/Yarr-fw/ip-cores/kintex7/mig_7series_0/mig_7series_0/user_design/rtl/controller/mig_7series_v4_0_rank_common.v" into library xil_defaultlib
INFO: [VRFC 10-311] analyzing module mig_7series_v4_0_rank_common
INFO: [VRFC 10-2263] Analyzing Verilog file "/home/asautaux/Yarr-fw/ip-cores/kintex7/mig_7series_0/mig_7series_0/user_design/rtl/controller/mig_7series_v4_0_rank_mach.v" into library xil_defaultlib
INFO: [VRFC 10-311] analyzing module mig_7series_v4_0_rank_mach
INFO: [VRFC 10-2263] Analyzing Verilog file "/home/asautaux/Yarr-fw/ip-cores/kintex7/mig_7series_0/mig_7series_0/user_design/rtl/controller/mig_7series_v4_0_round_robin_arb.v" into library xil_defaultlib
INFO: [VRFC 10-311] analyzing module mig_7series_v4_0_round_robin_arb
INFO: [VRFC 10-2263] Analyzing Verilog file "/home/asautaux/Yarr-fw/ip-cores/kintex7/mig_7series_0/mig_7series_0/user_design/rtl/ecc/mig_7series_v4_0_ecc_buf.v" into library xil_defaultlib
INFO: [VRFC 10-311] analyzing module mig_7series_v4_0_ecc_buf
INFO: [VRFC 10-2263] Analyzing Verilog file "/home/asautaux/Yarr-fw/ip-cores/kintex7/mig_7series_0/mig_7series_0/user_design/rtl/ecc/mig_7series_v4_0_ecc_dec_fix.v" into library xil_defaultlib
INFO: [VRFC 10-311] analyzing module mig_7series_v4_0_ecc_dec_fix
INFO: [VRFC 10-2263] Analyzing Verilog file "/home/asautaux/Yarr-fw/ip-cores/kintex7/mig_7series_0/mig_7series_0/user_design/rtl/ecc/mig_7series_v4_0_ecc_gen.v" into library xil_defaultlib
INFO: [VRFC 10-311] analyzing module mig_7series_v4_0_ecc_gen
INFO: [VRFC 10-2263] Analyzing Verilog file "/home/asautaux/Yarr-fw/ip-cores/kintex7/mig_7series_0/mig_7series_0/user_design/rtl/ecc/mig_7series_v4_0_ecc_merge_enc.v" into library xil_defaultlib
INFO: [VRFC 10-311] analyzing module mig_7series_v4_0_ecc_merge_enc
INFO: [VRFC 10-2263] Analyzing Verilog file "/home/asautaux/Yarr-fw/ip-cores/kintex7/mig_7series_0/mig_7series_0/user_design/rtl/ecc/mig_7series_v4_0_fi_xor.v" into library xil_defaultlib
INFO: [VRFC 10-311] analyzing module mig_7series_v4_0_fi_xor
INFO: [VRFC 10-2263] Analyzing Verilog file "/home/asautaux/Yarr-fw/ip-cores/kintex7/mig_7series_0/mig_7series_0/user_design/rtl/ip_top/mig_7series_v4_0_mem_intfc.v" into library xil_defaultlib
INFO: [VRFC 10-311] analyzing module mig_7series_v4_0_mem_intfc
INFO: [VRFC 10-2263] Analyzing Verilog file "/home/asautaux/Yarr-fw/ip-cores/kintex7/mig_7series_0/mig_7series_0/user_design/rtl/ip_top/mig_7series_v4_0_memc_ui_top_std.v" into library xil_defaultlib
INFO: [VRFC 10-311] analyzing module mig_7series_v4_0_memc_ui_top_std
INFO: [VRFC 10-2263] Analyzing Verilog file "/home/asautaux/Yarr-fw/ip-cores/kintex7/mig_7series_0/mig_7series_0/user_design/rtl/phy/mig_7series_v4_0_ddr_byte_group_io.v" into library xil_defaultlib
INFO: [VRFC 10-311] analyzing module mig_7series_v4_0_ddr_byte_group_io
INFO: [VRFC 10-2263] Analyzing Verilog file "/home/asautaux/Yarr-fw/ip-cores/kintex7/mig_7series_0/mig_7series_0/user_design/rtl/phy/mig_7series_v4_0_ddr_byte_lane.v" into library xil_defaultlib
INFO: [VRFC 10-311] analyzing module mig_7series_v4_0_ddr_byte_lane
INFO: [VRFC 10-2263] Analyzing Verilog file "/home/asautaux/Yarr-fw/ip-cores/kintex7/mig_7series_0/mig_7series_0/user_design/rtl/phy/mig_7series_v4_0_ddr_phy_tempmon.v" into library xil_defaultlib
INFO: [VRFC 10-311] analyzing module mig_7series_v4_0_ddr_phy_tempmon
INFO: [VRFC 10-2263] Analyzing Verilog file "/home/asautaux/Yarr-fw/ip-cores/kintex7/mig_7series_0/mig_7series_0/user_design/rtl/phy/mig_7series_v4_0_ddr_calib_top.v" into library xil_defaultlib
INFO: [VRFC 10-311] analyzing module mig_7series_v4_0_ddr_calib_top
INFO: [VRFC 10-2263] Analyzing Verilog file "/home/asautaux/Yarr-fw/ip-cores/kintex7/mig_7series_0/mig_7series_0/user_design/rtl/phy/mig_7series_v4_0_ddr_skip_calib_tap.v" into library xil_defaultlib
INFO: [VRFC 10-311] analyzing module mig_7series_v4_0_ddr_skip_calib_tap
INFO: [VRFC 10-2263] Analyzing Verilog file "/home/asautaux/Yarr-fw/ip-cores/kintex7/mig_7series_0/mig_7series_0/user_design/rtl/phy/mig_7series_v4_0_ddr_if_post_fifo.v" into library xil_defaultlib
INFO: [VRFC 10-311] analyzing module mig_7series_v4_0_ddr_if_post_fifo
INFO: [VRFC 10-2263] Analyzing Verilog file "/home/asautaux/Yarr-fw/ip-cores/kintex7/mig_7series_0/mig_7series_0/user_design/rtl/phy/mig_7series_v4_0_ddr_mc_phy.v" into library xil_defaultlib
INFO: [VRFC 10-311] analyzing module mig_7series_v4_0_ddr_mc_phy
INFO: [VRFC 10-2263] Analyzing Verilog file "/home/asautaux/Yarr-fw/ip-cores/kintex7/mig_7series_0/mig_7series_0/user_design/rtl/phy/mig_7series_v4_0_ddr_mc_phy_wrapper.v" into library xil_defaultlib
INFO: [VRFC 10-311] analyzing module mig_7series_v4_0_ddr_mc_phy_wrapper
INFO: [VRFC 10-2263] Analyzing Verilog file "/home/asautaux/Yarr-fw/ip-cores/kintex7/mig_7series_0/mig_7series_0/user_design/rtl/phy/mig_7series_v4_0_ddr_of_pre_fifo.v" into library xil_defaultlib
INFO: [VRFC 10-311] analyzing module mig_7series_v4_0_ddr_of_pre_fifo
INFO: [VRFC 10-2263] Analyzing Verilog file "/home/asautaux/Yarr-fw/ip-cores/kintex7/mig_7series_0/mig_7series_0/user_design/rtl/phy/mig_7series_v4_0_ddr_phy_4lanes.v" into library xil_defaultlib
INFO: [VRFC 10-311] analyzing module mig_7series_v4_0_ddr_phy_4lanes
INFO: [VRFC 10-2263] Analyzing Verilog file "/home/asautaux/Yarr-fw/ip-cores/kintex7/mig_7series_0/mig_7series_0/user_design/rtl/phy/mig_7series_v4_0_ddr_phy_ck_addr_cmd_delay.v" into library xil_defaultlib
INFO: [VRFC 10-311] analyzing module mig_7series_v4_0_ddr_phy_ck_addr_cmd_delay
INFO: [VRFC 10-2263] Analyzing Verilog file "/home/asautaux/Yarr-fw/ip-cores/kintex7/mig_7series_0/mig_7series_0/user_design/rtl/phy/mig_7series_v4_0_ddr_phy_init.v" into library xil_defaultlib
INFO: [VRFC 10-311] analyzing module mig_7series_v4_0_ddr_phy_init
INFO: [VRFC 10-2263] Analyzing Verilog file "/home/asautaux/Yarr-fw/ip-cores/kintex7/mig_7series_0/mig_7series_0/user_design/rtl/phy/mig_7series_v4_0_ddr_phy_dqs_found_cal.v" into library xil_defaultlib
INFO: [VRFC 10-311] analyzing module mig_7series_v4_0_ddr_phy_dqs_found_cal
INFO: [VRFC 10-2263] Analyzing Verilog file "/home/asautaux/Yarr-fw/ip-cores/kintex7/mig_7series_0/mig_7series_0/user_design/rtl/phy/mig_7series_v4_0_ddr_phy_dqs_found_cal_hr.v" into library xil_defaultlib
INFO: [VRFC 10-311] analyzing module mig_7series_v4_0_ddr_phy_dqs_found_cal_hr
INFO: [VRFC 10-2263] Analyzing Verilog file "/home/asautaux/Yarr-fw/ip-cores/kintex7/mig_7series_0/mig_7series_0/user_design/rtl/phy/mig_7series_v4_0_ddr_phy_oclkdelay_cal.v" into library xil_defaultlib
INFO: [VRFC 10-311] analyzing module mig_7series_v4_0_ddr_phy_oclkdelay_cal
INFO: [VRFC 10-2263] Analyzing Verilog file "/home/asautaux/Yarr-fw/ip-cores/kintex7/mig_7series_0/mig_7series_0/user_design/rtl/phy/mig_7series_v4_0_ddr_phy_prbs_rdlvl.v" into library xil_defaultlib
INFO: [VRFC 10-311] analyzing module mig_7series_v4_0_ddr_phy_prbs_rdlvl
INFO: [VRFC 10-2263] Analyzing Verilog file "/home/asautaux/Yarr-fw/ip-cores/kintex7/mig_7series_0/mig_7series_0/user_design/rtl/phy/mig_7series_v4_0_ddr_phy_rdlvl.v" into library xil_defaultlib
INFO: [VRFC 10-311] analyzing module mig_7series_v4_0_ddr_phy_rdlvl
INFO: [VRFC 10-2263] Analyzing Verilog file "/home/asautaux/Yarr-fw/ip-cores/kintex7/mig_7series_0/mig_7series_0/user_design/rtl/phy/mig_7series_v4_0_ddr_phy_wrcal.v" into library xil_defaultlib
INFO: [VRFC 10-311] analyzing module mig_7series_v4_0_ddr_phy_wrcal
INFO: [VRFC 10-2263] Analyzing Verilog file "/home/asautaux/Yarr-fw/ip-cores/kintex7/mig_7series_0/mig_7series_0/user_design/rtl/phy/mig_7series_v4_0_ddr_phy_wrlvl.v" into library xil_defaultlib
INFO: [VRFC 10-311] analyzing module mig_7series_v4_0_ddr_phy_wrlvl
INFO: [VRFC 10-2263] Analyzing Verilog file "/home/asautaux/Yarr-fw/ip-cores/kintex7/mig_7series_0/mig_7series_0/user_design/rtl/phy/mig_7series_v4_0_ddr_phy_wrlvl_off_delay.v" into library xil_defaultlib
INFO: [VRFC 10-311] analyzing module mig_7series_v4_0_ddr_phy_wrlvl_off_delay
INFO: [VRFC 10-2263] Analyzing Verilog file "/home/asautaux/Yarr-fw/ip-cores/kintex7/mig_7series_0/mig_7series_0/user_design/rtl/phy/mig_7series_v4_0_ddr_prbs_gen.v" into library xil_defaultlib
INFO: [VRFC 10-311] analyzing module mig_7series_v4_0_ddr_prbs_gen
INFO: [VRFC 10-2263] Analyzing Verilog file "/home/asautaux/Yarr-fw/ip-cores/kintex7/mig_7series_0/mig_7series_0/user_design/rtl/phy/mig_7series_v4_0_ddr_phy_ocd_lim.v" into library xil_defaultlib
INFO: [VRFC 10-311] analyzing module mig_7series_v4_0_ddr_phy_ocd_lim
INFO: [VRFC 10-2263] Analyzing Verilog file "/home/asautaux/Yarr-fw/ip-cores/kintex7/mig_7series_0/mig_7series_0/user_design/rtl/phy/mig_7series_v4_0_poc_top.v" into library xil_defaultlib
INFO: [VRFC 10-311] analyzing module mig_7series_v4_0_poc_top
INFO: [VRFC 10-2263] Analyzing Verilog file "/home/asautaux/Yarr-fw/ip-cores/kintex7/mig_7series_0/mig_7series_0/user_design/rtl/phy/mig_7series_v4_0_ddr_phy_ocd_mux.v" into library xil_defaultlib
INFO: [VRFC 10-311] analyzing module mig_7series_v4_0_ddr_phy_ocd_mux
INFO: [VRFC 10-2263] Analyzing Verilog file "/home/asautaux/Yarr-fw/ip-cores/kintex7/mig_7series_0/mig_7series_0/user_design/rtl/phy/mig_7series_v4_0_ddr_phy_ocd_data.v" into library xil_defaultlib
INFO: [VRFC 10-311] analyzing module mig_7series_v4_0_ddr_phy_ocd_data
INFO: [VRFC 10-2263] Analyzing Verilog file "/home/asautaux/Yarr-fw/ip-cores/kintex7/mig_7series_0/mig_7series_0/user_design/rtl/phy/mig_7series_v4_0_ddr_phy_ocd_samp.v" into library xil_defaultlib
INFO: [VRFC 10-311] analyzing module mig_7series_v4_0_ddr_phy_ocd_samp
INFO: [VRFC 10-2263] Analyzing Verilog file "/home/asautaux/Yarr-fw/ip-cores/kintex7/mig_7series_0/mig_7series_0/user_design/rtl/phy/mig_7series_v4_0_ddr_phy_ocd_edge.v" into library xil_defaultlib
INFO: [VRFC 10-311] analyzing module mig_7series_v4_0_ddr_phy_ocd_edge
INFO: [VRFC 10-2263] Analyzing Verilog file "/home/asautaux/Yarr-fw/ip-cores/kintex7/mig_7series_0/mig_7series_0/user_design/rtl/phy/mig_7series_v4_0_ddr_phy_ocd_cntlr.v" into library xil_defaultlib
INFO: [VRFC 10-311] analyzing module mig_7series_v4_0_ddr_phy_ocd_cntlr
INFO: [VRFC 10-2263] Analyzing Verilog file "/home/asautaux/Yarr-fw/ip-cores/kintex7/mig_7series_0/mig_7series_0/user_design/rtl/phy/mig_7series_v4_0_ddr_phy_ocd_po_cntlr.v" into library xil_defaultlib
INFO: [VRFC 10-311] analyzing module mig_7series_v4_0_ddr_phy_ocd_po_cntlr
INFO: [VRFC 10-2263] Analyzing Verilog file "/home/asautaux/Yarr-fw/ip-cores/kintex7/mig_7series_0/mig_7series_0/user_design/rtl/phy/mig_7series_v4_0_poc_pd.v" into library xil_defaultlib
INFO: [VRFC 10-311] analyzing module mig_7series_v4_0_poc_pd
INFO: [VRFC 10-2263] Analyzing Verilog file "/home/asautaux/Yarr-fw/ip-cores/kintex7/mig_7series_0/mig_7series_0/user_design/rtl/phy/mig_7series_v4_0_poc_tap_base.v" into library xil_defaultlib
INFO: [VRFC 10-311] analyzing module mig_7series_v4_0_poc_tap_base
INFO: [VRFC 10-2263] Analyzing Verilog file "/home/asautaux/Yarr-fw/ip-cores/kintex7/mig_7series_0/mig_7series_0/user_design/rtl/phy/mig_7series_v4_0_poc_meta.v" into library xil_defaultlib
INFO: [VRFC 10-311] analyzing module mig_7series_v4_0_poc_meta
INFO: [VRFC 10-2263] Analyzing Verilog file "/home/asautaux/Yarr-fw/ip-cores/kintex7/mig_7series_0/mig_7series_0/user_design/rtl/phy/mig_7series_v4_0_poc_edge_store.v" into library xil_defaultlib
INFO: [VRFC 10-311] analyzing module mig_7series_v4_0_poc_edge_store
INFO: [VRFC 10-2263] Analyzing Verilog file "/home/asautaux/Yarr-fw/ip-cores/kintex7/mig_7series_0/mig_7series_0/user_design/rtl/phy/mig_7series_v4_0_poc_cc.v" into library xil_defaultlib
INFO: [VRFC 10-311] analyzing module mig_7series_v4_0_poc_cc
INFO: [VRFC 10-2263] Analyzing Verilog file "/home/asautaux/Yarr-fw/ip-cores/kintex7/mig_7series_0/mig_7series_0/user_design/rtl/ui/mig_7series_v4_0_ui_cmd.v" into library xil_defaultlib
INFO: [VRFC 10-311] analyzing module mig_7series_v4_0_ui_cmd
INFO: [VRFC 10-2263] Analyzing Verilog file "/home/asautaux/Yarr-fw/ip-cores/kintex7/mig_7series_0/mig_7series_0/user_design/rtl/ui/mig_7series_v4_0_ui_rd_data.v" into library xil_defaultlib
INFO: [VRFC 10-311] analyzing module mig_7series_v4_0_ui_rd_data
INFO: [VRFC 10-2263] Analyzing Verilog file "/home/asautaux/Yarr-fw/ip-cores/kintex7/mig_7series_0/mig_7series_0/user_design/rtl/ui/mig_7series_v4_0_ui_top.v" into library xil_defaultlib
INFO: [VRFC 10-311] analyzing module mig_7series_v4_0_ui_top
INFO: [VRFC 10-2263] Analyzing Verilog file "/home/asautaux/Yarr-fw/ip-cores/kintex7/mig_7series_0/mig_7series_0/user_design/rtl/ui/mig_7series_v4_0_ui_wr_data.v" into library xil_defaultlib
INFO: [VRFC 10-311] analyzing module mig_7series_v4_0_ui_wr_data
INFO: [VRFC 10-2263] Analyzing Verilog file "/home/asautaux/Yarr-fw/ip-cores/kintex7/fifo_64x512/sim/fifo_64x512.v" into library xil_defaultlib
INFO: [VRFC 10-311] analyzing module fifo_64x512
INFO: [VRFC 10-2263] Analyzing Verilog file "/home/asautaux/Yarr-fw/ip-cores/kintex7/fifo_96x512_1/sim/fifo_96x512.v" into library xil_defaultlib
INFO: [VRFC 10-311] analyzing module fifo_96x512
INFO: [VRFC 10-2263] Analyzing Verilog file "/home/asautaux/Yarr-fw/ip-cores/kintex7/pcie_7x_0/source/pcie_7x_0_pipe_clock.v" into library xil_defaultlib
INFO: [VRFC 10-311] analyzing module pcie_7x_0_pipe_clock
INFO: [VRFC 10-2263] Analyzing Verilog file "/home/asautaux/Yarr-fw/ip-cores/kintex7/pcie_7x_0/source/pcie_7x_0_pipe_drp.v" into library xil_defaultlib
INFO: [VRFC 10-311] analyzing module pcie_7x_0_pipe_drp
INFO: [VRFC 10-2263] Analyzing Verilog file "/home/asautaux/Yarr-fw/ip-cores/kintex7/pcie_7x_0/source/pcie_7x_0_pipe_eq.v" into library xil_defaultlib
INFO: [VRFC 10-311] analyzing module pcie_7x_0_pipe_eq
INFO: [VRFC 10-2263] Analyzing Verilog file "/home/asautaux/Yarr-fw/ip-cores/kintex7/pcie_7x_0/source/pcie_7x_0_pipe_rate.v" into library xil_defaultlib
INFO: [VRFC 10-311] analyzing module pcie_7x_0_pipe_rate
INFO: [VRFC 10-2263] Analyzing Verilog file "/home/asautaux/Yarr-fw/ip-cores/kintex7/pcie_7x_0/source/pcie_7x_0_pipe_reset.v" into library xil_defaultlib
INFO: [VRFC 10-311] analyzing module pcie_7x_0_pipe_reset
INFO: [VRFC 10-2263] Analyzing Verilog file "/home/asautaux/Yarr-fw/ip-cores/kintex7/pcie_7x_0/source/pcie_7x_0_pipe_sync.v" into library xil_defaultlib
INFO: [VRFC 10-311] analyzing module pcie_7x_0_pipe_sync
INFO: [VRFC 10-2263] Analyzing Verilog file "/home/asautaux/Yarr-fw/ip-cores/kintex7/pcie_7x_0/source/pcie_7x_0_gtp_pipe_rate.v" into library xil_defaultlib
INFO: [VRFC 10-311] analyzing module pcie_7x_0_gtp_pipe_rate
INFO: [VRFC 10-2263] Analyzing Verilog file "/home/asautaux/Yarr-fw/ip-cores/kintex7/pcie_7x_0/source/pcie_7x_0_gtp_pipe_drp.v" into library xil_defaultlib
INFO: [VRFC 10-311] analyzing module pcie_7x_0_gtp_pipe_drp
INFO: [VRFC 10-2263] Analyzing Verilog file "/home/asautaux/Yarr-fw/ip-cores/kintex7/pcie_7x_0/source/pcie_7x_0_gtp_pipe_reset.v" into library xil_defaultlib
INFO: [VRFC 10-311] analyzing module pcie_7x_0_gtp_pipe_reset
INFO: [VRFC 10-2263] Analyzing Verilog file "/home/asautaux/Yarr-fw/ip-cores/kintex7/pcie_7x_0/source/pcie_7x_0_pipe_user.v" into library xil_defaultlib
INFO: [VRFC 10-311] analyzing module pcie_7x_0_pipe_user
INFO: [VRFC 10-2263] Analyzing Verilog file "/home/asautaux/Yarr-fw/ip-cores/kintex7/pcie_7x_0/source/pcie_7x_0_pipe_wrapper.v" into library xil_defaultlib
INFO: [VRFC 10-311] analyzing module pcie_7x_0_pipe_wrapper
INFO: [VRFC 10-2263] Analyzing Verilog file "/home/asautaux/Yarr-fw/ip-cores/kintex7/pcie_7x_0/source/pcie_7x_0_qpll_drp.v" into library xil_defaultlib
INFO: [VRFC 10-311] analyzing module pcie_7x_0_qpll_drp
INFO: [VRFC 10-2263] Analyzing Verilog file "/home/asautaux/Yarr-fw/ip-cores/kintex7/pcie_7x_0/source/pcie_7x_0_qpll_reset.v" into library xil_defaultlib
INFO: [VRFC 10-311] analyzing module pcie_7x_0_qpll_reset
INFO: [VRFC 10-2263] Analyzing Verilog file "/home/asautaux/Yarr-fw/ip-cores/kintex7/pcie_7x_0/source/pcie_7x_0_qpll_wrapper.v" into library xil_defaultlib
INFO: [VRFC 10-311] analyzing module pcie_7x_0_qpll_wrapper
INFO: [VRFC 10-2263] Analyzing Verilog file "/home/asautaux/Yarr-fw/ip-cores/kintex7/pcie_7x_0/source/pcie_7x_0_rxeq_scan.v" into library xil_defaultlib
INFO: [VRFC 10-311] analyzing module pcie_7x_0_rxeq_scan
INFO: [VRFC 10-2263] Analyzing Verilog file "/home/asautaux/Yarr-fw/ip-cores/kintex7/pcie_7x_0/source/pcie_7x_0_gt_wrapper.v" into library xil_defaultlib
INFO: [VRFC 10-311] analyzing module pcie_7x_0_gt_wrapper
INFO: [VRFC 10-2263] Analyzing Verilog file "/home/asautaux/Yarr-fw/ip-cores/kintex7/pcie_7x_0/source/pcie_7x_0_gt_common.v" into library xil_defaultlib
INFO: [VRFC 10-311] analyzing module pcie_7x_0_gt_common
INFO: [VRFC 10-2263] Analyzing Verilog file "/home/asautaux/Yarr-fw/ip-cores/kintex7/pcie_7x_0/source/pcie_7x_0_gtp_cpllpd_ovrd.v" into library xil_defaultlib
INFO: [VRFC 10-311] analyzing module pcie_7x_0_gtp_cpllpd_ovrd
INFO: [VRFC 10-2263] Analyzing Verilog file "/home/asautaux/Yarr-fw/ip-cores/kintex7/pcie_7x_0/source/pcie_7x_0_gtx_cpllpd_ovrd.v" into library xil_defaultlib
INFO: [VRFC 10-311] analyzing module pcie_7x_0_gtx_cpllpd_ovrd
INFO: [VRFC 10-2263] Analyzing Verilog file "/home/asautaux/Yarr-fw/ip-cores/kintex7/l2p_fifo64/sim/l2p_fifo64.v" into library xil_defaultlib
INFO: [VRFC 10-311] analyzing module l2p_fifo64
INFO: [VRFC 10-2263] Analyzing Verilog file "/home/asautaux/Yarr-fw/ip-cores/kintex7/cross_clock_fifo/sim/cross_clock_fifo.v" into library xil_defaultlib
INFO: [VRFC 10-311] analyzing module cross_clock_fifo
INFO: [VRFC 10-2263] Analyzing Verilog file "/home/asautaux/yarr_sim/project_sim/project_sim2.sim/sim_1/behav/glbl.v" into library xil_defaultlib
INFO: [VRFC 10-311] analyzing module glbl
