
*** Running vivado
    with args -log fifo_generator_0.vds -m64 -product Vivado -mode batch -messageDb vivado.pb -notrace -source fifo_generator_0.tcl


****** Vivado v2016.3 (64-bit)
  **** SW Build 1682563 on Mon Oct 10 19:07:27 MDT 2016
  **** IP Build 1681267 on Mon Oct 10 21:28:31 MDT 2016
    ** Copyright 1986-2016 Xilinx, Inc. All Rights Reserved.

source fifo_generator_0.tcl -notrace
Starting RTL Elaboration : Time (s): cpu = 00:00:08 ; elapsed = 00:00:10 . Memory (MB): peak = 296.410 ; gain = 86.277
INFO: [Synth 8-638] synthesizing module 'fifo_generator_0' [c:/cygwin64/home/saute/yarr_sim/project_sim/project_sim.srcs/sources_1/ip/fifo_generator_0/synth/fifo_generator_0.vhd:78]
INFO: [Synth 8-256] done synthesizing module 'fifo_generator_0' (29#1) [c:/cygwin64/home/saute/yarr_sim/project_sim/project_sim.srcs/sources_1/ip/fifo_generator_0/synth/fifo_generator_0.vhd:78]
Finished RTL Elaboration : Time (s): cpu = 00:00:51 ; elapsed = 00:00:55 . Memory (MB): peak = 507.949 ; gain = 297.816
Finished RTL Optimization Phase 1 : Time (s): cpu = 00:00:51 ; elapsed = 00:00:55 . Memory (MB): peak = 507.949 ; gain = 297.816
INFO: [Device 21-403] Loading part xc7k160tfbg676-2
Constraint Validation Runtime : Time (s): cpu = 00:00:00 ; elapsed = 00:00:00.167 . Memory (MB): peak = 611.891 ; gain = 0.000
Finished Constraint Validation : Time (s): cpu = 00:01:01 ; elapsed = 00:01:08 . Memory (MB): peak = 611.891 ; gain = 401.758
Finished Loading Part and Timing Information : Time (s): cpu = 00:01:01 ; elapsed = 00:01:08 . Memory (MB): peak = 611.891 ; gain = 401.758
Finished applying 'set_property' XDC Constraints : Time (s): cpu = 00:01:01 ; elapsed = 00:01:08 . Memory (MB): peak = 611.891 ; gain = 401.758
Finished RTL Optimization Phase 2 : Time (s): cpu = 00:01:02 ; elapsed = 00:01:08 . Memory (MB): peak = 611.891 ; gain = 401.758
Finished Cross Boundary and Area Optimization : Time (s): cpu = 00:01:03 ; elapsed = 00:01:10 . Memory (MB): peak = 611.891 ; gain = 401.758
Finished Applying XDC Timing Constraints : Time (s): cpu = 00:01:13 ; elapsed = 00:01:20 . Memory (MB): peak = 611.891 ; gain = 401.758
Finished Timing Optimization : Time (s): cpu = 00:01:13 ; elapsed = 00:01:20 . Memory (MB): peak = 611.891 ; gain = 401.758
Finished Technology Mapping : Time (s): cpu = 00:01:14 ; elapsed = 00:01:20 . Memory (MB): peak = 630.734 ; gain = 420.602
Finished IO Insertion : Time (s): cpu = 00:01:14 ; elapsed = 00:01:21 . Memory (MB): peak = 630.734 ; gain = 420.602
Finished Renaming Generated Instances : Time (s): cpu = 00:01:14 ; elapsed = 00:01:21 . Memory (MB): peak = 630.734 ; gain = 420.602
Finished Rebuilding User Hierarchy : Time (s): cpu = 00:01:14 ; elapsed = 00:01:21 . Memory (MB): peak = 630.734 ; gain = 420.602
Finished Renaming Generated Ports : Time (s): cpu = 00:01:14 ; elapsed = 00:01:21 . Memory (MB): peak = 630.734 ; gain = 420.602
Finished Handling Custom Attributes : Time (s): cpu = 00:01:14 ; elapsed = 00:01:21 . Memory (MB): peak = 630.734 ; gain = 420.602
Finished Renaming Generated Nets : Time (s): cpu = 00:01:14 ; elapsed = 00:01:21 . Memory (MB): peak = 630.734 ; gain = 420.602

Report Cell Usage: 
+------+---------+------+
|      |Cell     |Count |
+------+---------+------+
|1     |CARRY4   |     7|
|2     |LUT1     |     2|
|3     |LUT2     |    43|
|4     |LUT3     |    12|
|5     |LUT4     |    43|
|6     |LUT5     |    23|
|7     |LUT6     |    15|
|8     |MUXCY    |    25|
|9     |RAMB36E1 |     1|
|10    |FDCE     |   152|
|11    |FDPE     |    24|
|12    |FDRE     |    36|
+------+---------+------+
Finished Writing Synthesis Report : Time (s): cpu = 00:01:14 ; elapsed = 00:01:21 . Memory (MB): peak = 630.734 ; gain = 420.602
synth_design: Time (s): cpu = 00:01:17 ; elapsed = 00:01:23 . Memory (MB): peak = 1068.996 ; gain = 853.602
